{"total": {"lines":{"total":381,"covered":251,"skipped":0,"pct":65.87},"statements":{"total":386,"covered":255,"skipped":0,"pct":66.06},"functions":{"total":42,"covered":37,"skipped":0,"pct":88.09},"branches":{"total":241,"covered":108,"skipped":0,"pct":44.81},"branchesTrue":{"total":0,"covered":0,"skipped":0,"pct":"Unknown"}}
,"C:\\Users\\marcel.fischer\\Projekte\\oas-to-code\\src\\oas3\\specification\\componentRef.ts": {"lines":{"total":31,"covered":20,"skipped":0,"pct":64.51},"functions":{"total":5,"covered":3,"skipped":0,"pct":60},"statements":{"total":31,"covered":20,"skipped":0,"pct":64.51},"branches":{"total":6,"covered":1,"skipped":0,"pct":16.66}}
,"C:\\Users\\marcel.fischer\\Projekte\\oas-to-code\\src\\oas3\\specification\\request.ts": {"lines":{"total":83,"covered":57,"skipped":0,"pct":68.67},"functions":{"total":10,"covered":9,"skipped":0,"pct":90},"statements":{"total":86,"covered":59,"skipped":0,"pct":68.6},"branches":{"total":56,"covered":30,"skipped":0,"pct":53.57}}
,"C:\\Users\\marcel.fischer\\Projekte\\oas-to-code\\src\\oas3\\specification\\response.ts": {"lines":{"total":28,"covered":21,"skipped":0,"pct":75},"functions":{"total":3,"covered":3,"skipped":0,"pct":100},"statements":{"total":28,"covered":21,"skipped":0,"pct":75},"branches":{"total":13,"covered":5,"skipped":0,"pct":38.46}}
,"C:\\Users\\marcel.fischer\\Projekte\\oas-to-code\\src\\oas3\\specification\\schema.ts": {"lines":{"total":155,"covered":92,"skipped":0,"pct":59.35},"functions":{"total":15,"covered":13,"skipped":0,"pct":86.66},"statements":{"total":157,"covered":94,"skipped":0,"pct":59.87},"branches":{"total":116,"covered":45,"skipped":0,"pct":38.79}}
,"C:\\Users\\marcel.fischer\\Projekte\\oas-to-code\\src\\oas3\\specification\\security.ts": {"lines":{"total":9,"covered":6,"skipped":0,"pct":66.66},"functions":{"total":1,"covered":1,"skipped":0,"pct":100},"statements":{"total":9,"covered":6,"skipped":0,"pct":66.66},"branches":{"total":7,"covered":4,"skipped":0,"pct":57.14}}
,"C:\\Users\\marcel.fischer\\Projekte\\oas-to-code\\src\\oas3\\specification\\specification.ts": {"lines":{"total":75,"covered":55,"skipped":0,"pct":73.33},"functions":{"total":8,"covered":8,"skipped":0,"pct":100},"statements":{"total":75,"covered":55,"skipped":0,"pct":73.33},"branches":{"total":43,"covered":23,"skipped":0,"pct":53.48}}
}
